[debug] [2020-09-19T09:21:42.436Z] ----------------------------------------------------------------------
[debug] [2020-09-19T09:21:42.438Z] Command:       /Users/newt0/.nodebrew/node/v14.7.0/bin/node /Users/newt0/.nodebrew/current/bin/firebase emulators:start
[debug] [2020-09-19T09:21:42.438Z] CLI Version:   8.10.0
[debug] [2020-09-19T09:21:42.438Z] Platform:      darwin
[debug] [2020-09-19T09:21:42.438Z] Node Version:  v14.7.0
[debug] [2020-09-19T09:21:42.439Z] Time:          Sat Sep 19 2020 18:21:42 GMT+0900 (日本標準時)
[debug] [2020-09-19T09:21:42.439Z] ----------------------------------------------------------------------
[debug] [2020-09-19T09:21:42.439Z] 
[debug] [2020-09-19T09:21:42.444Z] > command requires scopes: ["email","openid","https://www.googleapis.com/auth/cloudplatformprojects.readonly","https://www.googleapis.com/auth/firebase","https://www.googleapis.com/auth/cloud-platform"]
[debug] [2020-09-19T09:21:42.445Z] > authorizing via signed-in user
[info] i  emulators: Starting emulators: functions, hosting {"metadata":{"emulator":{"name":"hub"},"message":"Starting emulators: functions, hosting"}}
[debug] [2020-09-19T09:21:42.461Z] [hub] writing locator at /var/folders/rm/b9z1zx2d46lfz3sxmmtqrxn80000gn/T/hub-clone-react-9f042.json
[warn] ⚠  functions: The following emulators are not running, calls to these services from the Functions emulator will affect production: firestore, database, pubsub {"metadata":{"emulator":{"name":"functions"},"message":"The following emulators are not running, calls to these services from the Functions emulator will affect production: \u001b[1mfirestore, database, pubsub\u001b[22m"}}
[warn] ⚠  Your requested "node" version "10" doesn't match your global version "14" {"metadata":{"emulator":{"name":"functions"},"message":"Your requested \"node\" version \"10\" doesn't match your global version \"14\""}}
[debug] [2020-09-19T09:21:42.513Z] defaultcredentials: writing to file /Users/newt0/.config/firebase/newt_letters_gmail.com_application_default_credentials.json
[debug] [2020-09-19T09:21:42.516Z] Setting GAC to /Users/newt0/.config/firebase/newt_letters_gmail.com_application_default_credentials.json {"metadata":{"emulator":{"name":"functions"},"message":"Setting GAC to /Users/newt0/.config/firebase/newt_letters_gmail.com_application_default_credentials.json"}}
[debug] [2020-09-19T09:21:42.524Z] >>> HTTP REQUEST GET https://firebase.googleapis.com/v1beta1/projects/clone-react-9f042/webApps/-/config  
 
[debug] [2020-09-19T09:21:44.217Z] <<< HTTP RESPONSE 200 {"content-type":"application/json; charset=UTF-8","vary":"X-Origin, Referer, Origin,Accept-Encoding","date":"Sat, 19 Sep 2020 09:21:44 GMT","server":"ESF","cache-control":"private","x-xss-protection":"0","x-frame-options":"SAMEORIGIN","x-content-type-options":"nosniff","alt-svc":"h3-Q050=\":443\"; ma=2592000,h3-29=\":443\"; ma=2592000,h3-27=\":443\"; ma=2592000,h3-T051=\":443\"; ma=2592000,h3-T050=\":443\"; ma=2592000,h3-Q046=\":443\"; ma=2592000,h3-Q043=\":443\"; ma=2592000,quic=\":443\"; ma=2592000; v=\"46,43\"","accept-ranges":"none","transfer-encoding":"chunked"}
[info] i  hosting: Serving hosting files from: build {"metadata":{"emulator":{"name":"hosting"},"message":"Serving hosting files from: \u001b[1mbuild\u001b[22m"}}
[info] ✔  hosting: Local server: http://localhost:5000 {"metadata":{"emulator":{"name":"hosting"},"message":"Local server: \u001b[4m\u001b[1mhttp://localhost:5000\u001b[22m\u001b[24m"}}
[debug] [2020-09-19T09:21:44.541Z] Ignoring unsupported arg: auto_download {"metadata":{"emulator":{"name":"ui"},"message":"Ignoring unsupported arg: auto_download"}}
[debug] [2020-09-19T09:21:44.541Z] Ignoring unsupported arg: port {"metadata":{"emulator":{"name":"ui"},"message":"Ignoring unsupported arg: port"}}
[debug] [2020-09-19T09:21:44.541Z] Starting Emulator UI with command {"binary":"node","args":["/Users/newt0/.cache/firebase/emulators/ui-v1.1.1/server.bundle.js"],"optionalArgs":[],"joinArgs":false} {"metadata":{"emulator":{"name":"ui"},"message":"Starting Emulator UI with command {\"binary\":\"node\",\"args\":[\"/Users/newt0/.cache/firebase/emulators/ui-v1.1.1/server.bundle.js\"],\"optionalArgs\":[],\"joinArgs\":false}"}}
[info] i  ui: Emulator UI logging to ui-debug.log {"metadata":{"emulator":{"name":"ui"},"message":"Emulator UI logging to \u001b[1mui-debug.log\u001b[22m"}}
[debug] [2020-09-19T09:21:44.639Z] Web / API server started at http://localhost:4000
 {"metadata":{"emulator":{"name":"ui"},"message":"Web / API server started at http://localhost:4000\n"}}
[info] i  functions: Watching "/Users/newt0/dev/react/amazon-clone-react/functions" for Cloud Functions... {"metadata":{"emulator":{"name":"functions"},"message":"Watching \"/Users/newt0/dev/react/amazon-clone-react/functions\" for Cloud Functions..."}}
[debug] [2020-09-19T09:21:44.816Z] [worker-pool] addWorker(~diagnostic~) {"metadata":{"emulator":{"name":"functions"},"message":"[worker-pool] addWorker(~diagnostic~)"}}
[debug] [2020-09-19T09:21:44.817Z] [worker-pool] Adding worker with key ~diagnostic~, total=1 {"metadata":{"emulator":{"name":"functions"},"message":"[worker-pool] Adding worker with key ~diagnostic~, total=1"}}
[debug] [2020-09-19T09:21:44.817Z] [worker-pool] submitWork(triggerId=) {"metadata":{"emulator":{"name":"functions"},"message":"[worker-pool] submitWork(triggerId=)"}}
[debug] [2020-09-19T09:21:44.817Z] [worker-~diagnostic~-2c18910c-d474-43be-9960-52c868883b5c]: Assigning socketPath: /var/folders/rm/b9z1zx2d46lfz3sxmmtqrxn80000gn/T/fire_emu_37140.sock {"metadata":{"emulator":{"name":"functions"},"message":"[worker-~diagnostic~-2c18910c-d474-43be-9960-52c868883b5c]: Assigning socketPath: /var/folders/rm/b9z1zx2d46lfz3sxmmtqrxn80000gn/T/fire_emu_37140.sock"}}
[debug] [2020-09-19T09:21:44.817Z] [worker-~diagnostic~-2c18910c-d474-43be-9960-52c868883b5c]: BUSY {"metadata":{"emulator":{"name":"functions"},"message":"[worker-~diagnostic~-2c18910c-d474-43be-9960-52c868883b5c]: BUSY"}}
[debug] [2020-09-19T09:21:45.072Z] [runtime-status] [37140] Functions runtime initialized. {"cwd":"/Users/newt0/dev/react/amazon-clone-react/functions","node_version":"14.7.0"} {"metadata":{"emulator":{"name":"functions"},"message":"[runtime-status] [37140] Functions runtime initialized. {\"cwd\":\"/Users/newt0/dev/react/amazon-clone-react/functions\",\"node_version\":\"14.7.0\"}"}}
[debug] [2020-09-19T09:21:45.075Z] [runtime-status] [37140] Disabled runtime features: undefined {"metadata":{"emulator":{"name":"functions"},"message":"[runtime-status] [37140] Disabled runtime features: undefined"}}
[debug] [2020-09-19T09:21:45.077Z] [runtime-status] [37140] Resolved module firebase-admin {"declared":true,"installed":true,"version":"8.13.0","resolution":"/Users/newt0/dev/react/amazon-clone-react/functions/node_modules/firebase-admin/lib/index.js"} {"metadata":{"emulator":{"name":"functions"},"message":"[runtime-status] [37140] Resolved module firebase-admin {\"declared\":true,\"installed\":true,\"version\":\"8.13.0\",\"resolution\":\"/Users/newt0/dev/react/amazon-clone-react/functions/node_modules/firebase-admin/lib/index.js\"}"}}
[debug] [2020-09-19T09:21:45.078Z] [runtime-status] [37140] Resolved module firebase-functions {"declared":true,"installed":true,"version":"3.11.0","resolution":"/Users/newt0/dev/react/amazon-clone-react/functions/node_modules/firebase-functions/lib/index.js"} {"metadata":{"emulator":{"name":"functions"},"message":"[runtime-status] [37140] Resolved module firebase-functions {\"declared\":true,\"installed\":true,\"version\":\"3.11.0\",\"resolution\":\"/Users/newt0/dev/react/amazon-clone-react/functions/node_modules/firebase-functions/lib/index.js\"}"}}
[debug] [2020-09-19T09:21:45.080Z] [runtime-status] [37140] Resolved module firebase-functions {"declared":true,"installed":true,"version":"3.11.0","resolution":"/Users/newt0/dev/react/amazon-clone-react/functions/node_modules/firebase-functions/lib/index.js"} {"metadata":{"emulator":{"name":"functions"},"message":"[runtime-status] [37140] Resolved module firebase-functions {\"declared\":true,\"installed\":true,\"version\":\"3.11.0\",\"resolution\":\"/Users/newt0/dev/react/amazon-clone-react/functions/node_modules/firebase-functions/lib/index.js\"}"}}
[debug] [2020-09-19T09:21:45.082Z] [runtime-status] [37140] Outgoing network have been stubbed. [{"name":"http","status":"mocked"},{"name":"http","status":"mocked"},{"name":"https","status":"mocked"},{"name":"https","status":"mocked"},{"name":"net","status":"mocked"}] {"metadata":{"emulator":{"name":"functions"},"message":"[runtime-status] [37140] Outgoing network have been stubbed. [{\"name\":\"http\",\"status\":\"mocked\"},{\"name\":\"http\",\"status\":\"mocked\"},{\"name\":\"https\",\"status\":\"mocked\"},{\"name\":\"https\",\"status\":\"mocked\"},{\"name\":\"net\",\"status\":\"mocked\"}]"}}
[debug] [2020-09-19T09:21:45.083Z] [runtime-status] [37140] Resolved module firebase-functions {"declared":true,"installed":true,"version":"3.11.0","resolution":"/Users/newt0/dev/react/amazon-clone-react/functions/node_modules/firebase-functions/lib/index.js"} {"metadata":{"emulator":{"name":"functions"},"message":"[runtime-status] [37140] Resolved module firebase-functions {\"declared\":true,\"installed\":true,\"version\":\"3.11.0\",\"resolution\":\"/Users/newt0/dev/react/amazon-clone-react/functions/node_modules/firebase-functions/lib/index.js\"}"}}
[debug] [2020-09-19T09:21:45.113Z] [runtime-status] [37140] Checked functions.config() {"config":{}} {"metadata":{"emulator":{"name":"functions"},"message":"[runtime-status] [37140] Checked functions.config() {\"config\":{}}"}}
[debug] [2020-09-19T09:21:45.114Z] [runtime-status] [37140] firebase-functions has been stubbed. {"functionsResolution":{"declared":true,"installed":true,"version":"3.11.0","resolution":"/Users/newt0/dev/react/amazon-clone-react/functions/node_modules/firebase-functions/lib/index.js"}} {"metadata":{"emulator":{"name":"functions"},"message":"[runtime-status] [37140] firebase-functions has been stubbed. {\"functionsResolution\":{\"declared\":true,\"installed\":true,\"version\":\"3.11.0\",\"resolution\":\"/Users/newt0/dev/react/amazon-clone-react/functions/node_modules/firebase-functions/lib/index.js\"}}"}}
[debug] [2020-09-19T09:21:45.114Z] [runtime-status] [37140] Resolved module firebase-functions {"declared":true,"installed":true,"version":"3.11.0","resolution":"/Users/newt0/dev/react/amazon-clone-react/functions/node_modules/firebase-functions/lib/index.js"} {"metadata":{"emulator":{"name":"functions"},"message":"[runtime-status] [37140] Resolved module firebase-functions {\"declared\":true,\"installed\":true,\"version\":\"3.11.0\",\"resolution\":\"/Users/newt0/dev/react/amazon-clone-react/functions/node_modules/firebase-functions/lib/index.js\"}"}}
[debug] [2020-09-19T09:21:45.115Z] [runtime-status] [37140] Resolved module firebase-admin {"declared":true,"installed":true,"version":"8.13.0","resolution":"/Users/newt0/dev/react/amazon-clone-react/functions/node_modules/firebase-admin/lib/index.js"} {"metadata":{"emulator":{"name":"functions"},"message":"[runtime-status] [37140] Resolved module firebase-admin {\"declared\":true,\"installed\":true,\"version\":\"8.13.0\",\"resolution\":\"/Users/newt0/dev/react/amazon-clone-react/functions/node_modules/firebase-admin/lib/index.js\"}"}}
[debug] [2020-09-19T09:21:45.115Z] [runtime-status] [37140] Resolved module firebase-functions {"declared":true,"installed":true,"version":"3.11.0","resolution":"/Users/newt0/dev/react/amazon-clone-react/functions/node_modules/firebase-functions/lib/index.js"} {"metadata":{"emulator":{"name":"functions"},"message":"[runtime-status] [37140] Resolved module firebase-functions {\"declared\":true,\"installed\":true,\"version\":\"3.11.0\",\"resolution\":\"/Users/newt0/dev/react/amazon-clone-react/functions/node_modules/firebase-functions/lib/index.js\"}"}}
[debug] [2020-09-19T09:21:45.115Z] [runtime-status] [37140] firebase-admin has been stubbed. {"adminResolution":{"declared":true,"installed":true,"version":"8.13.0","resolution":"/Users/newt0/dev/react/amazon-clone-react/functions/node_modules/firebase-admin/lib/index.js"}} {"metadata":{"emulator":{"name":"functions"},"message":"[runtime-status] [37140] firebase-admin has been stubbed. {\"adminResolution\":{\"declared\":true,\"installed\":true,\"version\":\"8.13.0\",\"resolution\":\"/Users/newt0/dev/react/amazon-clone-react/functions/node_modules/firebase-admin/lib/index.js\"}}"}}
[info] ✔  functions[api]: http function initialized (http://localhost:5001/clone-react-9f042/us-central1/api). {"metadata":{"emulator":{"name":"functions"},"message":"\u001b[1mhttp\u001b[22m function initialized (http://localhost:5001/clone-react-9f042/us-central1/api)."}}
[info] 
┌───────────────────────────────────────────────────────────────────────┐
│ ✔  All emulators ready! View status and logs at http://localhost:4000 │
└───────────────────────────────────────────────────────────────────────┘

┌───────────┬────────────────┬─────────────────────────────────┐
│ Emulator  │ Host:Port      │ View in Emulator UI             │
├───────────┼────────────────┼─────────────────────────────────┤
│ Functions │ localhost:5001 │ http://localhost:4000/functions │
├───────────┼────────────────┼─────────────────────────────────┤
│ Hosting   │ localhost:5000 │ n/a                             │
└───────────┴────────────────┴─────────────────────────────────┘
  Other reserved ports: 4400, 4500

Issues? Report them at https://github.com/firebase/firebase-tools/issues and attach the *-debug.log files.
 
[debug] [2020-09-19T09:21:45.202Z] [worker-~diagnostic~-2c18910c-d474-43be-9960-52c868883b5c]: IDLE {"metadata":{"emulator":{"name":"functions"},"message":"[worker-~diagnostic~-2c18910c-d474-43be-9960-52c868883b5c]: IDLE"}}
[debug] [2020-09-19T09:22:48.638Z] [work-queue] {"queueLength":1,"workRunningCount":0}
[debug] [2020-09-19T09:22:48.638Z] [work-queue] {"queueLength":0,"workRunningCount":1}
[debug] [2020-09-19T09:22:48.639Z] Accepted request POST /clone-react-9f042/us-central1/api/payment/create?total=23900 --> api
[debug] [2020-09-19T09:22:48.643Z] [worker-pool] addWorker(api) {"metadata":{"emulator":{"name":"functions"},"message":"[worker-pool] addWorker(api)"}}
[debug] [2020-09-19T09:22:48.643Z] [worker-pool] Adding worker with key api, total=1 {"metadata":{"emulator":{"name":"functions"},"message":"[worker-pool] Adding worker with key api, total=1"}}
[debug] [2020-09-19T09:22:48.643Z] [worker-pool] submitWork(triggerId=api) {"metadata":{"emulator":{"name":"functions"},"message":"[worker-pool] submitWork(triggerId=api)"}}
[debug] [2020-09-19T09:22:48.643Z] [worker-api-063c3d54-3063-4028-a218-476ae81d36d0]: Assigning socketPath: /var/folders/rm/b9z1zx2d46lfz3sxmmtqrxn80000gn/T/fire_emu_37145.sock {"metadata":{"emulator":{"name":"functions"},"message":"[worker-api-063c3d54-3063-4028-a218-476ae81d36d0]: Assigning socketPath: /var/folders/rm/b9z1zx2d46lfz3sxmmtqrxn80000gn/T/fire_emu_37145.sock"}}
[debug] [2020-09-19T09:22:48.644Z] [worker-api-063c3d54-3063-4028-a218-476ae81d36d0]: BUSY {"metadata":{"emulator":{"name":"functions"},"message":"[worker-api-063c3d54-3063-4028-a218-476ae81d36d0]: BUSY"}}
[debug] [2020-09-19T09:22:49.064Z] [runtime-status] [37145] Functions runtime initialized. {"cwd":"/Users/newt0/dev/react/amazon-clone-react/functions","node_version":"14.7.0"} {"metadata":{"emulator":{"name":"functions"},"function":{"name":"api"},"message":"[runtime-status] [37145] Functions runtime initialized. {\"cwd\":\"/Users/newt0/dev/react/amazon-clone-react/functions\",\"node_version\":\"14.7.0\"}"}}
[debug] [2020-09-19T09:22:49.068Z] [runtime-status] [37145] Disabled runtime features: undefined {"metadata":{"emulator":{"name":"functions"},"function":{"name":"api"},"message":"[runtime-status] [37145] Disabled runtime features: undefined"}}
[debug] [2020-09-19T09:22:49.070Z] [runtime-status] [37145] Resolved module firebase-admin {"declared":true,"installed":true,"version":"8.13.0","resolution":"/Users/newt0/dev/react/amazon-clone-react/functions/node_modules/firebase-admin/lib/index.js"} {"metadata":{"emulator":{"name":"functions"},"function":{"name":"api"},"message":"[runtime-status] [37145] Resolved module firebase-admin {\"declared\":true,\"installed\":true,\"version\":\"8.13.0\",\"resolution\":\"/Users/newt0/dev/react/amazon-clone-react/functions/node_modules/firebase-admin/lib/index.js\"}"}}
[debug] [2020-09-19T09:22:49.072Z] [runtime-status] [37145] Resolved module firebase-functions {"declared":true,"installed":true,"version":"3.11.0","resolution":"/Users/newt0/dev/react/amazon-clone-react/functions/node_modules/firebase-functions/lib/index.js"} {"metadata":{"emulator":{"name":"functions"},"function":{"name":"api"},"message":"[runtime-status] [37145] Resolved module firebase-functions {\"declared\":true,\"installed\":true,\"version\":\"3.11.0\",\"resolution\":\"/Users/newt0/dev/react/amazon-clone-react/functions/node_modules/firebase-functions/lib/index.js\"}"}}
[debug] [2020-09-19T09:22:49.075Z] [runtime-status] [37145] Resolved module firebase-functions {"declared":true,"installed":true,"version":"3.11.0","resolution":"/Users/newt0/dev/react/amazon-clone-react/functions/node_modules/firebase-functions/lib/index.js"} {"metadata":{"emulator":{"name":"functions"},"function":{"name":"api"},"message":"[runtime-status] [37145] Resolved module firebase-functions {\"declared\":true,\"installed\":true,\"version\":\"3.11.0\",\"resolution\":\"/Users/newt0/dev/react/amazon-clone-react/functions/node_modules/firebase-functions/lib/index.js\"}"}}
[debug] [2020-09-19T09:22:49.077Z] [runtime-status] [37145] Outgoing network have been stubbed. [{"name":"http","status":"mocked"},{"name":"http","status":"mocked"},{"name":"https","status":"mocked"},{"name":"https","status":"mocked"},{"name":"net","status":"mocked"}] {"metadata":{"emulator":{"name":"functions"},"function":{"name":"api"},"message":"[runtime-status] [37145] Outgoing network have been stubbed. [{\"name\":\"http\",\"status\":\"mocked\"},{\"name\":\"http\",\"status\":\"mocked\"},{\"name\":\"https\",\"status\":\"mocked\"},{\"name\":\"https\",\"status\":\"mocked\"},{\"name\":\"net\",\"status\":\"mocked\"}]"}}
[debug] [2020-09-19T09:22:49.077Z] [runtime-status] [37145] Resolved module firebase-functions {"declared":true,"installed":true,"version":"3.11.0","resolution":"/Users/newt0/dev/react/amazon-clone-react/functions/node_modules/firebase-functions/lib/index.js"} {"metadata":{"emulator":{"name":"functions"},"function":{"name":"api"},"message":"[runtime-status] [37145] Resolved module firebase-functions {\"declared\":true,\"installed\":true,\"version\":\"3.11.0\",\"resolution\":\"/Users/newt0/dev/react/amazon-clone-react/functions/node_modules/firebase-functions/lib/index.js\"}"}}
[debug] [2020-09-19T09:22:49.114Z] [runtime-status] [37145] Checked functions.config() {"config":{}} {"metadata":{"emulator":{"name":"functions"},"function":{"name":"api"},"message":"[runtime-status] [37145] Checked functions.config() {\"config\":{}}"}}
[debug] [2020-09-19T09:22:49.114Z] [runtime-status] [37145] firebase-functions has been stubbed. {"functionsResolution":{"declared":true,"installed":true,"version":"3.11.0","resolution":"/Users/newt0/dev/react/amazon-clone-react/functions/node_modules/firebase-functions/lib/index.js"}} {"metadata":{"emulator":{"name":"functions"},"function":{"name":"api"},"message":"[runtime-status] [37145] firebase-functions has been stubbed. {\"functionsResolution\":{\"declared\":true,\"installed\":true,\"version\":\"3.11.0\",\"resolution\":\"/Users/newt0/dev/react/amazon-clone-react/functions/node_modules/firebase-functions/lib/index.js\"}}"}}
[debug] [2020-09-19T09:22:49.116Z] [runtime-status] [37145] Resolved module firebase-functions {"declared":true,"installed":true,"version":"3.11.0","resolution":"/Users/newt0/dev/react/amazon-clone-react/functions/node_modules/firebase-functions/lib/index.js"} {"metadata":{"emulator":{"name":"functions"},"function":{"name":"api"},"message":"[runtime-status] [37145] Resolved module firebase-functions {\"declared\":true,\"installed\":true,\"version\":\"3.11.0\",\"resolution\":\"/Users/newt0/dev/react/amazon-clone-react/functions/node_modules/firebase-functions/lib/index.js\"}"}}
[debug] [2020-09-19T09:22:49.118Z] [runtime-status] [37145] Resolved module firebase-admin {"declared":true,"installed":true,"version":"8.13.0","resolution":"/Users/newt0/dev/react/amazon-clone-react/functions/node_modules/firebase-admin/lib/index.js"} {"metadata":{"emulator":{"name":"functions"},"function":{"name":"api"},"message":"[runtime-status] [37145] Resolved module firebase-admin {\"declared\":true,\"installed\":true,\"version\":\"8.13.0\",\"resolution\":\"/Users/newt0/dev/react/amazon-clone-react/functions/node_modules/firebase-admin/lib/index.js\"}"}}
[debug] [2020-09-19T09:22:49.120Z] [runtime-status] [37145] Resolved module firebase-functions {"declared":true,"installed":true,"version":"3.11.0","resolution":"/Users/newt0/dev/react/amazon-clone-react/functions/node_modules/firebase-functions/lib/index.js"} {"metadata":{"emulator":{"name":"functions"},"function":{"name":"api"},"message":"[runtime-status] [37145] Resolved module firebase-functions {\"declared\":true,\"installed\":true,\"version\":\"3.11.0\",\"resolution\":\"/Users/newt0/dev/react/amazon-clone-react/functions/node_modules/firebase-functions/lib/index.js\"}"}}
[debug] [2020-09-19T09:22:49.120Z] [runtime-status] [37145] firebase-admin has been stubbed. {"adminResolution":{"declared":true,"installed":true,"version":"8.13.0","resolution":"/Users/newt0/dev/react/amazon-clone-react/functions/node_modules/firebase-admin/lib/index.js"}} {"metadata":{"emulator":{"name":"functions"},"function":{"name":"api"},"message":"[runtime-status] [37145] firebase-admin has been stubbed. {\"adminResolution\":{\"declared\":true,\"installed\":true,\"version\":\"8.13.0\",\"resolution\":\"/Users/newt0/dev/react/amazon-clone-react/functions/node_modules/firebase-admin/lib/index.js\"}}"}}
[debug] [2020-09-19T09:22:49.224Z] [runtime-status] [37145] Trigger "api" has been found, beginning invocation! {"metadata":{"emulator":{"name":"functions"},"function":{"name":"api"},"message":"[runtime-status] [37145] Trigger \"api\" has been found, beginning invocation!"}}
[info] i  functions: Beginning execution of "api" {"metadata":{"emulator":{"name":"functions"},"function":{"name":"api"},"message":"Beginning execution of \"api\""}}
[debug] [2020-09-19T09:22:49.226Z] [runtime-status] [37145] triggerDefinition {"httpsTrigger":{},"name":"api","entryPoint":"api"} {"metadata":{"emulator":{"name":"functions"},"function":{"name":"api"},"message":"[runtime-status] [37145] triggerDefinition {\"httpsTrigger\":{},\"name\":\"api\",\"entryPoint\":\"api\"}"}}
[debug] [2020-09-19T09:22:49.226Z] [runtime-status] [37145] Running api in mode HTTPS {"metadata":{"emulator":{"name":"functions"},"function":{"name":"api"},"message":"[runtime-status] [37145] Running api in mode HTTPS"}}
[debug] [2020-09-19T09:22:49.229Z] [runtime-status] [37145] Attempting to listen to socketPath: /var/folders/rm/b9z1zx2d46lfz3sxmmtqrxn80000gn/T/fire_emu_37145.sock {"metadata":{"emulator":{"name":"functions"},"function":{"name":"api"},"message":"[runtime-status] [37145] Attempting to listen to socketPath: /var/folders/rm/b9z1zx2d46lfz3sxmmtqrxn80000gn/T/fire_emu_37145.sock"}}
[debug] [2020-09-19T09:22:49.232Z] [functions] Runtime ready! Sending request! {"metadata":{"emulator":{"name":"functions"},"message":"[functions] Runtime ready! Sending request!"}}
[debug] [2020-09-19T09:22:49.244Z] [runtime-status] [37145] Ephemeral server handling POST request {"metadata":{"emulator":{"name":"functions"},"function":{"name":"api"},"message":"[runtime-status] [37145] Ephemeral server handling POST request"}}
[info] >  Payment Request!>>> 23900 {"user":"Payment Request!>>> 23900","metadata":{"emulator":{"name":"functions"},"function":{"name":"api"},"message":"\u001b[90m> \u001b[39m Payment Request!>>> 23900"}}
[debug] [2020-09-19T09:22:49.255Z] [runtime-status] [37145] Ephemeral server survived. {"metadata":{"emulator":{"name":"functions"},"function":{"name":"api"},"message":"[runtime-status] [37145] Ephemeral server survived."}}
[info] i  functions: Finished "api" in ~1s {"metadata":{"emulator":{"name":"functions"},"function":{"name":"api"},"message":"Finished \"api\" in ~1s"}}
[debug] [2020-09-19T09:22:49.649Z] [worker-api-063c3d54-3063-4028-a218-476ae81d36d0]: IDLE {"metadata":{"emulator":{"name":"functions"},"message":"[worker-api-063c3d54-3063-4028-a218-476ae81d36d0]: IDLE"}}
[debug] [2020-09-19T09:22:49.649Z] [work-queue] {"queueLength":0,"workRunningCount":0}
[debug] [2020-09-19T09:22:56.591Z] [work-queue] {"queueLength":1,"workRunningCount":0}
[debug] [2020-09-19T09:22:56.591Z] [work-queue] {"queueLength":0,"workRunningCount":1}
[debug] [2020-09-19T09:22:56.591Z] Accepted request POST /clone-react-9f042/us-central1/api/payment/create?total=0 --> api
[debug] [2020-09-19T09:22:56.591Z] [worker-pool] submitWork(triggerId=api) {"metadata":{"emulator":{"name":"functions"},"message":"[worker-pool] submitWork(triggerId=api)"}}
[debug] [2020-09-19T09:22:56.592Z] [worker-api-063c3d54-3063-4028-a218-476ae81d36d0]: Assigning socketPath: /var/folders/rm/b9z1zx2d46lfz3sxmmtqrxn80000gn/T/fire_emu_37145.sock {"metadata":{"emulator":{"name":"functions"},"message":"[worker-api-063c3d54-3063-4028-a218-476ae81d36d0]: Assigning socketPath: /var/folders/rm/b9z1zx2d46lfz3sxmmtqrxn80000gn/T/fire_emu_37145.sock"}}
[debug] [2020-09-19T09:22:56.592Z] [worker-api-063c3d54-3063-4028-a218-476ae81d36d0]: BUSY {"metadata":{"emulator":{"name":"functions"},"message":"[worker-api-063c3d54-3063-4028-a218-476ae81d36d0]: BUSY"}}
[debug] [2020-09-19T09:22:56.599Z] [runtime-status] [37145] Trigger "api" has been found, beginning invocation! {"metadata":{"emulator":{"name":"functions"},"function":{"name":"api"},"message":"[runtime-status] [37145] Trigger \"api\" has been found, beginning invocation!"}}
[info] i  functions: Beginning execution of "api" {"metadata":{"emulator":{"name":"functions"},"function":{"name":"api"},"message":"Beginning execution of \"api\""}}
[debug] [2020-09-19T09:22:56.599Z] [runtime-status] [37145] triggerDefinition {"httpsTrigger":{},"name":"api","entryPoint":"api"} {"metadata":{"emulator":{"name":"functions"},"function":{"name":"api"},"message":"[runtime-status] [37145] triggerDefinition {\"httpsTrigger\":{},\"name\":\"api\",\"entryPoint\":\"api\"}"}}
[debug] [2020-09-19T09:22:56.599Z] [runtime-status] [37145] Running api in mode HTTPS {"metadata":{"emulator":{"name":"functions"},"function":{"name":"api"},"message":"[runtime-status] [37145] Running api in mode HTTPS"}}
[debug] [2020-09-19T09:22:56.599Z] [runtime-status] [37145] Attempting to listen to socketPath: /var/folders/rm/b9z1zx2d46lfz3sxmmtqrxn80000gn/T/fire_emu_37145.sock {"metadata":{"emulator":{"name":"functions"},"function":{"name":"api"},"message":"[runtime-status] [37145] Attempting to listen to socketPath: /var/folders/rm/b9z1zx2d46lfz3sxmmtqrxn80000gn/T/fire_emu_37145.sock"}}
[debug] [2020-09-19T09:22:56.601Z] [functions] Runtime ready! Sending request! {"metadata":{"emulator":{"name":"functions"},"message":"[functions] Runtime ready! Sending request!"}}
[debug] [2020-09-19T09:22:56.606Z] [runtime-status] [37145] Ephemeral server handling POST request {"metadata":{"emulator":{"name":"functions"},"function":{"name":"api"},"message":"[runtime-status] [37145] Ephemeral server handling POST request"}}
[info] >  Payment Request!>>> 0 {"user":"Payment Request!>>> 0","metadata":{"emulator":{"name":"functions"},"function":{"name":"api"},"message":"\u001b[90m> \u001b[39m Payment Request!>>> 0"}}
[debug] [2020-09-19T09:22:56.607Z] [runtime-status] [37145] Ephemeral server survived. {"metadata":{"emulator":{"name":"functions"},"function":{"name":"api"},"message":"[runtime-status] [37145] Ephemeral server survived."}}
[info] >  (node:37145) UnhandledPromiseRejectionWarning: Error: This value must be greater than or equal to 1. {"user":"(node:37145) UnhandledPromiseRejectionWarning: Error: This value must be greater than or equal to 1.","metadata":{"emulator":{"name":"functions"},"function":{"name":"api"},"message":"\u001b[90m> \u001b[39m (node:37145) UnhandledPromiseRejectionWarning: Error: This value must be greater than or equal to 1."}}
[info] >      at Function.generate (/Users/newt0/dev/react/amazon-clone-react/functions/node_modules/stripe/lib/Error.js:39:16) {"user":"    at Function.generate (/Users/newt0/dev/react/amazon-clone-react/functions/node_modules/stripe/lib/Error.js:39:16)","metadata":{"emulator":{"name":"functions"},"function":{"name":"api"},"message":"\u001b[90m> \u001b[39m     at Function.generate (/Users/newt0/dev/react/amazon-clone-react/functions/node_modules/stripe/lib/Error.js:39:16)"}}
[info] >      at IncomingMessage.<anonymous> (/Users/newt0/dev/react/amazon-clone-react/functions/node_modules/stripe/lib/StripeResource.js:190:33) {"user":"    at IncomingMessage.<anonymous> (/Users/newt0/dev/react/amazon-clone-react/functions/node_modules/stripe/lib/StripeResource.js:190:33)","metadata":{"emulator":{"name":"functions"},"function":{"name":"api"},"message":"\u001b[90m> \u001b[39m     at IncomingMessage.<anonymous> (/Users/newt0/dev/react/amazon-clone-react/functions/node_modules/stripe/lib/StripeResource.js:190:33)"}}
[info] >      at Object.onceWrapper (events.js:420:28) {"user":"    at Object.onceWrapper (events.js:420:28)","metadata":{"emulator":{"name":"functions"},"function":{"name":"api"},"message":"\u001b[90m> \u001b[39m     at Object.onceWrapper (events.js:420:28)"}}
[info] >      at IncomingMessage.emit (events.js:326:22) {"user":"    at IncomingMessage.emit (events.js:326:22)","metadata":{"emulator":{"name":"functions"},"function":{"name":"api"},"message":"\u001b[90m> \u001b[39m     at IncomingMessage.emit (events.js:326:22)"}}
[info] >      at endReadableNT (_stream_readable.js:1244:12) {"user":"    at endReadableNT (_stream_readable.js:1244:12)","metadata":{"emulator":{"name":"functions"},"function":{"name":"api"},"message":"\u001b[90m> \u001b[39m     at endReadableNT (_stream_readable.js:1244:12)"}}
[info] >      at processTicksAndRejections (internal/process/task_queues.js:80:21) {"user":"    at processTicksAndRejections (internal/process/task_queues.js:80:21)","metadata":{"emulator":{"name":"functions"},"function":{"name":"api"},"message":"\u001b[90m> \u001b[39m     at processTicksAndRejections (internal/process/task_queues.js:80:21)"}}
[info] >  (Use `node --trace-warnings ...` to show where the warning was created) {"user":"(Use `node --trace-warnings ...` to show where the warning was created)","metadata":{"emulator":{"name":"functions"},"function":{"name":"api"},"message":"\u001b[90m> \u001b[39m (Use `node --trace-warnings ...` to show where the warning was created)"}}
[info] >  (node:37145) UnhandledPromiseRejectionWarning: Unhandled promise rejection. This error originated either by throwing inside of an async function without a catch block, or by rejecting a promise which was not handled with .catch(). To terminate the node process on unhandled promise rejection, use the CLI flag `--unhandled-rejections=strict` (see https://nodejs.org/api/cli.html#cli_unhandled_rejections_mode). (rejection id: 1) {"user":"(node:37145) UnhandledPromiseRejectionWarning: Unhandled promise rejection. This error originated either by throwing inside of an async function without a catch block, or by rejecting a promise which was not handled with .catch(). To terminate the node process on unhandled promise rejection, use the CLI flag `--unhandled-rejections=strict` (see https://nodejs.org/api/cli.html#cli_unhandled_rejections_mode). (rejection id: 1)","metadata":{"emulator":{"name":"functions"},"function":{"name":"api"},"message":"\u001b[90m> \u001b[39m (node:37145) UnhandledPromiseRejectionWarning: Unhandled promise rejection. This error originated either by throwing inside of an async function without a catch block, or by rejecting a promise which was not handled with .catch(). To terminate the node process on unhandled promise rejection, use the CLI flag `--unhandled-rejections=strict` (see https://nodejs.org/api/cli.html#cli_unhandled_rejections_mode). (rejection id: 1)"}}
[info] >  (node:37145) [DEP0018] DeprecationWarning: Unhandled promise rejections are deprecated. In the future, promise rejections that are not handled will terminate the Node.js process with a non-zero exit code. {"user":"(node:37145) [DEP0018] DeprecationWarning: Unhandled promise rejections are deprecated. In the future, promise rejections that are not handled will terminate the Node.js process with a non-zero exit code.","metadata":{"emulator":{"name":"functions"},"function":{"name":"api"},"message":"\u001b[90m> \u001b[39m (node:37145) [DEP0018] DeprecationWarning: Unhandled promise rejections are deprecated. In the future, promise rejections that are not handled will terminate the Node.js process with a non-zero exit code."}}
[warn] ⚠  functions: Your function timed out after ~60s. To configure this timeout, see
      https://firebase.google.com/docs/functions/manage-functions#set_timeout_and_memory_allocation. {"metadata":{"emulator":{"name":"functions"},"function":{"name":"api"},"message":"Your function timed out after ~60s. To configure this timeout, see\n      https://firebase.google.com/docs/functions/manage-functions#set_timeout_and_memory_allocation."}}
[info] >  /Users/newt0/.nodebrew/node/v14.7.0/lib/node_modules/firebase-tools/lib/emulator/functionsEmulatorRuntime.js:642 {"user":"/Users/newt0/.nodebrew/node/v14.7.0/lib/node_modules/firebase-tools/lib/emulator/functionsEmulatorRuntime.js:642","metadata":{"emulator":{"name":"functions"},"function":{"name":"api"},"message":"\u001b[90m> \u001b[39m /Users/newt0/.nodebrew/node/v14.7.0/lib/node_modules/firebase-tools/lib/emulator/functionsEmulatorRuntime.js:642"}}
[info] >                  throw new Error("Function timed out."); {"user":"                throw new Error(\"Function timed out.\");","metadata":{"emulator":{"name":"functions"},"function":{"name":"api"},"message":"\u001b[90m> \u001b[39m                 throw new Error(\"Function timed out.\");"}}
[info] >                  ^ {"user":"                ^","metadata":{"emulator":{"name":"functions"},"function":{"name":"api"},"message":"\u001b[90m> \u001b[39m                 ^"}}
[info] >   {"user":"","metadata":{"emulator":{"name":"functions"},"function":{"name":"api"},"message":"\u001b[90m> \u001b[39m "}}
[info] >  Error: Function timed out. {"user":"Error: Function timed out.","metadata":{"emulator":{"name":"functions"},"function":{"name":"api"},"message":"\u001b[90m> \u001b[39m Error: Function timed out."}}
[info] >      at Timeout._onTimeout (/Users/newt0/.nodebrew/node/v14.7.0/lib/node_modules/firebase-tools/lib/emulator/functionsEmulatorRuntime.js:642:23) {"user":"    at Timeout._onTimeout (/Users/newt0/.nodebrew/node/v14.7.0/lib/node_modules/firebase-tools/lib/emulator/functionsEmulatorRuntime.js:642:23)","metadata":{"emulator":{"name":"functions"},"function":{"name":"api"},"message":"\u001b[90m> \u001b[39m     at Timeout._onTimeout (/Users/newt0/.nodebrew/node/v14.7.0/lib/node_modules/firebase-tools/lib/emulator/functionsEmulatorRuntime.js:642:23)"}}
[info] >      at listOnTimeout (internal/timers.js:551:17) {"user":"    at listOnTimeout (internal/timers.js:551:17)","metadata":{"emulator":{"name":"functions"},"function":{"name":"api"},"message":"\u001b[90m> \u001b[39m     at listOnTimeout (internal/timers.js:551:17)"}}
[info] >      at processTimers (internal/timers.js:494:7) {"user":"    at processTimers (internal/timers.js:494:7)","metadata":{"emulator":{"name":"functions"},"function":{"name":"api"},"message":"\u001b[90m> \u001b[39m     at processTimers (internal/timers.js:494:7)"}}
[debug] [2020-09-19T09:28:18.026Z] [worker-api-063c3d54-3063-4028-a218-476ae81d36d0]: exited {"metadata":{"emulator":{"name":"functions"},"message":"[worker-api-063c3d54-3063-4028-a218-476ae81d36d0]: exited"}}
[debug] [2020-09-19T09:28:18.026Z] [worker-api-063c3d54-3063-4028-a218-476ae81d36d0]: FINISHED {"metadata":{"emulator":{"name":"functions"},"message":"[worker-api-063c3d54-3063-4028-a218-476ae81d36d0]: FINISHED"}}
[debug] [2020-09-19T09:28:18.026Z] [work-queue] {"queueLength":0,"workRunningCount":0}
